springboot-app  | 
springboot-app  |   .   ____          _            __ _ _
springboot-app  |  /\\ / ___'_ __ _ _(_)_ __  __ _ \ \ \ \
springboot-app  | ( ( )\___ | '_ | '_| | '_ \/ _` | \ \ \ \
springboot-app  |  \\/  ___)| |_)| | | | | || (_| |  ) ) ) )
springboot-app  |   '  |____| .__|_| |_|_| |_\__, | / / / /
springboot-app  |  =========|_|==============|___/=/_/_/_/
springboot-app  | 
springboot-app  |  :: Spring Boot ::                (v3.4.1)
springboot-app  | 
springboot-app  | 2025-11-10T09:45:10.432+08:00  INFO 7 --- [           main] com.wms.wmdrfid.WmdRfidApplication       : Starting WmdRfidApplication v0.0.1-SNAPSHOT using Java 17.0.2 with PID 7 (/app/app.jar started by root in /app)
springboot-app  | 2025-11-10T09:45:10.436+08:00  INFO 7 --- [           main] com.wms.wmdrfid.WmdRfidApplication       : No active profile set, falling back to 1 default profile: "default"
springboot-app  | 2025-11-10T09:45:11.937+08:00  INFO 7 --- [           main] .s.d.r.c.RepositoryConfigurationDelegate : Multiple Spring Data modules found, entering strict repository configuration mode
springboot-app  | 2025-11-10T09:45:11.941+08:00  INFO 7 --- [           main] .s.d.r.c.RepositoryConfigurationDelegate : Bootstrapping Spring Data Redis repositories in DEFAULT mode.
springboot-app  | 2025-11-10T09:45:12.340+08:00  INFO 7 --- [           main] .s.d.r.c.RepositoryConfigurationDelegate : Finished Spring Data repository scanning in 366 ms. Found 0 Redis repository interfaces.
springboot-app  | 2025-11-10T09:45:12.525+08:00  INFO 7 --- [           main] faultConfiguringBeanFactoryPostProcessor : No bean named 'errorChannel' has been explicitly defined. Therefore, a default PublishSubscribeChannel will be created.
springboot-app  | 2025-11-10T09:45:12.538+08:00  INFO 7 --- [           main] faultConfiguringBeanFactoryPostProcessor : No bean named 'integrationHeaderChannelRegistry' has been explicitly defined. Therefore, a default DefaultHeaderChannelRegistry will be created.
springboot-app  | 2025-11-10T09:45:13.352+08:00  INFO 7 --- [           main] o.s.b.w.embedded.tomcat.TomcatWebServer  : Tomcat initialized with port 8080 (http)
springboot-app  | 2025-11-10T09:45:13.372+08:00  INFO 7 --- [           main] o.apache.catalina.core.StandardService   : Starting service [Tomcat]
springboot-app  | 2025-11-10T09:45:13.373+08:00  INFO 7 --- [           main] o.apache.catalina.core.StandardEngine    : Starting Servlet engine: [Apache Tomcat/10.1.34]
springboot-app  | 2025-11-10T09:45:13.423+08:00  INFO 7 --- [           main] o.a.c.c.C.[Tomcat].[localhost].[/]       : Initializing Spring embedded WebApplicationContext
springboot-app  | 2025-11-10T09:45:13.425+08:00  INFO 7 --- [           main] w.s.c.ServletWebServerApplicationContext : Root WebApplicationContext: initialization completed in 2864 ms
springboot-app  | 2025-11-10T09:45:13.500+08:00  WARN 7 --- [           main] ConfigServletWebServerApplicationContext : Exception encountered during context initialization - cancelling refresh attempt: org.springframework.beans.factory.BeanCreationException: Error creating bean with name 'alarmDataParse': Lookup method resolution failed
springboot-app  | 2025-11-10T09:45:13.504+08:00  INFO 7 --- [           main] o.apache.catalina.core.StandardService   : Stopping service [Tomcat]
springboot-app  | 2025-11-10T09:45:13.609+08:00  INFO 7 --- [           main] .s.b.a.l.ConditionEvaluationReportLogger : 
springboot-app  | 
springboot-app  | Error starting ApplicationContext. To display the condition evaluation report re-run your application with 'debug' enabled.
springboot-app  | 2025-11-10T09:45:13.638+08:00 ERROR 7 --- [           main] o.s.boot.SpringApplication               : Application run failed
springboot-app  | 
springboot-app  | org.springframework.beans.factory.BeanCreationException: Error creating bean with name 'alarmDataParse': Lookup method resolution failed
springboot-app  | 	at org.springframework.beans.factory.annotation.AutowiredAnnotationBeanPostProcessor.checkLookupMethods(AutowiredAnnotationBeanPostProcessor.java:498) ~[spring-beans-6.2.1.jar!/:6.2.1]
springboot-app  | 	at org.springframework.beans.factory.annotation.AutowiredAnnotationBeanPostProcessor.determineCandidateConstructors(AutowiredAnnotationBeanPostProcessor.java:368) ~[spring-beans-6.2.1.jar!/:6.2.1]
springboot-app  | 	at org.springframework.beans.factory.support.AbstractAutowireCapableBeanFactory.determineConstructorsFromBeanPostProcessors(AbstractAutowireCapableBeanFactory.java:1316) ~[spring-beans-6.2.1.jar!/:6.2.1]
springboot-app  | 	at org.springframework.beans.factory.support.AbstractAutowireCapableBeanFactory.createBeanInstance(AbstractAutowireCapableBeanFactory.java:1211) ~[spring-beans-6.2.1.jar!/:6.2.1]
springboot-app  | 	at org.springframework.beans.factory.support.AbstractAutowireCapableBeanFactory.doCreateBean(AbstractAutowireCapableBeanFactory.java:563) ~[spring-beans-6.2.1.jar!/:6.2.1]
springboot-app  | 	at org.springframework.beans.factory.support.AbstractAutowireCapableBeanFactory.createBean(AbstractAutowireCapableBeanFactory.java:523) ~[spring-beans-6.2.1.jar!/:6.2.1]
springboot-app  | 	at org.springframework.beans.factory.support.AbstractBeanFactory.lambda$doGetBean$0(AbstractBeanFactory.java:336) ~[spring-beans-6.2.1.jar!/:6.2.1]
springboot-app  | 	at org.springframework.beans.factory.support.DefaultSingletonBeanRegistry.getSingleton(DefaultSingletonBeanRegistry.java:289) ~[spring-beans-6.2.1.jar!/:6.2.1]
springboot-app  | 	at org.springframework.beans.factory.support.AbstractBeanFactory.doGetBean(AbstractBeanFactory.java:334) ~[spring-beans-6.2.1.jar!/:6.2.1]
springboot-app  | 	at org.springframework.beans.factory.support.AbstractBeanFactory.getBean(AbstractBeanFactory.java:199) ~[spring-beans-6.2.1.jar!/:6.2.1]
springboot-app  | 	at org.springframework.beans.factory.support.DefaultListableBeanFactory.instantiateSingleton(DefaultListableBeanFactory.java:1122) ~[spring-beans-6.2.1.jar!/:6.2.1]
springboot-app  | 	at org.springframework.beans.factory.support.DefaultListableBeanFactory.preInstantiateSingleton(DefaultListableBeanFactory.java:1093) ~[spring-beans-6.2.1.jar!/:6.2.1]
springboot-app  | 	at org.springframework.beans.factory.support.DefaultListableBeanFactory.preInstantiateSingletons(DefaultListableBeanFactory.java:1030) ~[spring-beans-6.2.1.jar!/:6.2.1]
springboot-app  | 	at org.springframework.context.support.AbstractApplicationContext.finishBeanFactoryInitialization(AbstractApplicationContext.java:987) ~[spring-context-6.2.1.jar!/:6.2.1]
springboot-app  | 	at org.springframework.context.support.AbstractApplicationContext.refresh(AbstractApplicationContext.java:627) ~[spring-context-6.2.1.jar!/:6.2.1]
springboot-app  | 	at org.springframework.boot.web.servlet.context.ServletWebServerApplicationContext.refresh(ServletWebServerApplicationContext.java:146) ~[spring-boot-3.4.1.jar!/:3.4.1]
springboot-app  | 	at org.springframework.boot.SpringApplication.refresh(SpringApplication.java:752) ~[spring-boot-3.4.1.jar!/:3.4.1]
springboot-app  | 	at org.springframework.boot.SpringApplication.refreshContext(SpringApplication.java:439) ~[spring-boot-3.4.1.jar!/:3.4.1]
springboot-app  | 	at org.springframework.boot.SpringApplication.run(SpringApplication.java:318) ~[spring-boot-3.4.1.jar!/:3.4.1]
springboot-app  | 	at org.springframework.boot.SpringApplication.run(SpringApplication.java:1361) ~[spring-boot-3.4.1.jar!/:3.4.1]
springboot-app  | 	at org.springframework.boot.SpringApplication.run(SpringApplication.java:1350) ~[spring-boot-3.4.1.jar!/:3.4.1]
springboot-app  | 	at com.wms.wmdrfid.WmdRfidApplication.main(WmdRfidApplication.java:13) ~[!/:0.0.1-SNAPSHOT]
springboot-app  | 	at java.base/jdk.internal.reflect.NativeMethodAccessorImpl.invoke0(Native Method) ~[na:na]
springboot-app  | 	at java.base/jdk.internal.reflect.NativeMethodAccessorImpl.invoke(NativeMethodAccessorImpl.java:77) ~[na:na]
springboot-app  | 	at java.base/jdk.internal.reflect.DelegatingMethodAccessorImpl.invoke(DelegatingMethodAccessorImpl.java:43) ~[na:na]
springboot-app  | 	at java.base/java.lang.reflect.Method.invoke(Method.java:568) ~[na:na]
springboot-app  | 	at org.springframework.boot.loader.launch.Launcher.launch(Launcher.java:102) ~[app.jar:0.0.1-SNAPSHOT]
springboot-app  | 	at org.springframework.boot.loader.launch.Launcher.launch(Launcher.java:64) ~[app.jar:0.0.1-SNAPSHOT]
springboot-app  | 	at org.springframework.boot.loader.launch.JarLauncher.main(JarLauncher.java:40) ~[app.jar:0.0.1-SNAPSHOT]
springboot-app  | Caused by: java.lang.IllegalStateException: Failed to introspect Class [com.wms.wmdrfid.Conf.Config.AlarmDataParse] from ClassLoader [org.springframework.boot.loader.launch.LaunchedClassLoader@1f32e575]
springboot-app  | 	at org.springframework.util.ReflectionUtils.getDeclaredMethods(ReflectionUtils.java:483) ~[spring-core-6.2.1.jar!/:6.2.1]
springboot-app  | 	at org.springframework.util.ReflectionUtils.doWithLocalMethods(ReflectionUtils.java:320) ~[spring-core-6.2.1.jar!/:6.2.1]
springboot-app  | 	at org.springframework.beans.factory.annotation.AutowiredAnnotationBeanPostProcessor.checkLookupMethods(AutowiredAnnotationBeanPostProcessor.java:476) ~[spring-beans-6.2.1.jar!/:6.2.1]
springboot-app  | 	... 28 common frames omitted
springboot-app  | Caused by: java.lang.NoClassDefFoundError: com/sun/jna/Structure
springboot-app  | 	at java.base/java.lang.ClassLoader.defineClass1(Native Method) ~[na:na]
springboot-app  | 	at java.base/java.lang.ClassLoader.defineClass(ClassLoader.java:1012) ~[na:na]
springboot-app  | 	at java.base/java.security.SecureClassLoader.defineClass(SecureClassLoader.java:150) ~[na:na]
springboot-app  | 	at java.base/java.net.URLClassLoader.defineClass(URLClassLoader.java:524) ~[na:na]
springboot-app  | 	at java.base/java.net.URLClassLoader$1.run(URLClassLoader.java:427) ~[na:na]
springboot-app  | 	at java.base/java.net.URLClassLoader$1.run(URLClassLoader.java:421) ~[na:na]
springboot-app  | 	at java.base/java.security.AccessController.doPrivileged(AccessController.java:712) ~[na:na]
springboot-app  | 	at java.base/java.net.URLClassLoader.findClass(URLClassLoader.java:420) ~[na:na]
springboot-app  | 	at java.base/java.lang.ClassLoader.loadClass(ClassLoader.java:587) ~[na:na]
springboot-app  | 	at org.springframework.boot.loader.net.protocol.jar.JarUrlClassLoader.loadClass(JarUrlClassLoader.java:107) ~[app.jar:0.0.1-SNAPSHOT]
springboot-app  | 	at org.springframework.boot.loader.launch.LaunchedClassLoader.loadClass(LaunchedClassLoader.java:91) ~[app.jar:0.0.1-SNAPSHOT]
springboot-app  | 	at java.base/java.lang.ClassLoader.loadClass(ClassLoader.java:520) ~[na:na]
springboot-app  | 	at java.base/java.lang.Class.getDeclaredMethods0(Native Method) ~[na:na]
springboot-app  | 	at java.base/java.lang.Class.privateGetDeclaredMethods(Class.java:3402) ~[na:na]
springboot-app  | 	at java.base/java.lang.Class.getDeclaredMethods(Class.java:2504) ~[na:na]
springboot-app  | 	at org.springframework.util.ReflectionUtils.getDeclaredMethods(ReflectionUtils.java:465) ~[spring-core-6.2.1.jar!/:6.2.1]
springboot-app  | 	... 30 common frames omitted
springboot-app  | Caused by: java.lang.ClassNotFoundException: com.sun.jna.Structure
springboot-app  | 	at java.base/java.net.URLClassLoader.findClass(URLClassLoader.java:445) ~[na:na]
springboot-app  | 	at java.base/java.lang.ClassLoader.loadClass(ClassLoader.java:587) ~[na:na]
springboot-app  | 	at org.springframework.boot.loader.net.protocol.jar.JarUrlClassLoader.loadClass(JarUrlClassLoader.java:107) ~[app.jar:0.0.1-SNAPSHOT]
springboot-app  | 	at org.springframework.boot.loader.launch.LaunchedClassLoader.loadClass(LaunchedClassLoader.java:91) ~[app.jar:0.0.1-SNAPSHOT]
springboot-app  | 	at java.base/java.lang.ClassLoader.loadClass(ClassLoader.java:520) ~[na:na]
springboot-app  | 	... 46 common frames omitted
springboot-app  | 
springboot-app  | 
springboot-app  |   .   ____          _            __ _ _
springboot-app  |  /\\ / ___'_ __ _ _(_)_ __  __ _ \ \ \ \
springboot-app  | ( ( )\___ | '_ | '_| | '_ \/ _` | \ \ \ \
springboot-app  |  \\/  ___)| |_)| | | | | || (_| |  ) ) ) )
springboot-app  |   '  |____| .__|_| |_|_| |_\__, | / / / /
springboot-app  |  =========|_|==============|___/=/_/_/_/
springboot-app  | 
springboot-app  |  :: Spring Boot ::                (v3.4.1)
springboot-app  | 
springboot-app  | 2025-11-10T09:45:15.881+08:00  INFO 7 --- [           main] com.wms.wmdrfid.WmdRfidApplication       : Starting WmdRfidApplication v0.0.1-SNAPSHOT using Java 17.0.2 with PID 7 (/app/app.jar started by root in /app)
springboot-app  | 2025-11-10T09:45:15.885+08:00  INFO 7 --- [           main] com.wms.wmdrfid.WmdRfidApplication       : No active profile set, falling back to 1 default profile: "default"
springboot-app  | 2025-11-10T09:45:17.971+08:00  INFO 7 --- [           main] .s.d.r.c.RepositoryConfigurationDelegate : Multiple Spring Data modules found, entering strict repository configuration mode
springboot-app  | 2025-11-10T09:45:17.974+08:00  INFO 7 --- [           main] .s.d.r.c.RepositoryConfigurationDelegate : Bootstrapping Spring Data Redis repositories in DEFAULT mode.
springboot-app  | 2025-11-10T09:45:18.346+08:00  INFO 7 --- [           main] .s.d.r.c.RepositoryConfigurationDelegate : Finished Spring Data repository scanning in 335 ms. Found 0 Redis repository interfaces.
springboot-app  | 2025-11-10T09:45:18.538+08:00  INFO 7 --- [           main] faultConfiguringBeanFactoryPostProcessor : No bean named 'errorChannel' has been explicitly defined. Therefore, a default PublishSubscribeChannel will be created.
springboot-app  | 2025-11-10T09:45:18.553+08:00  INFO 7 --- [           main] faultConfiguringBeanFactoryPostProcessor : No bean named 'integrationHeaderChannelRegistry' has been explicitly defined. Therefore, a default DefaultHeaderChannelRegistry will be created.
springboot-app  | 2025-11-10T09:45:19.403+08:00  INFO 7 --- [           main] o.s.b.w.embedded.tomcat.TomcatWebServer  : Tomcat initialized with port 8080 (http)
springboot-app  | 2025-11-10T09:45:19.417+08:00  INFO 7 --- [           main] o.apache.catalina.core.StandardService   : Starting service [Tomcat]
springboot-app  | 2025-11-10T09:45:19.418+08:00  INFO 7 --- [           main] o.apache.catalina.core.StandardEngine    : Starting Servlet engine: [Apache Tomcat/10.1.34]
springboot-app  | 2025-11-10T09:45:19.477+08:00  INFO 7 --- [           main] o.a.c.c.C.[Tomcat].[localhost].[/]       : Initializing Spring embedded WebApplicationContext
springboot-app  | 2025-11-10T09:45:19.480+08:00  INFO 7 --- [           main] w.s.c.ServletWebServerApplicationContext : Root WebApplicationContext: initialization completed in 3465 ms
springboot-app  | 2025-11-10T09:45:19.554+08:00  WARN 7 --- [           main] ConfigServletWebServerApplicationContext : Exception encountered during context initialization - cancelling refresh attempt: org.springframework.beans.factory.BeanCreationException: Error creating bean with name 'alarmDataParse': Lookup method resolution failed
springboot-app  | 2025-11-10T09:45:19.559+08:00  INFO 7 --- [           main] o.apache.catalina.core.StandardService   : Stopping service [Tomcat]
springboot-app  | 2025-11-10T09:45:19.668+08:00  INFO 7 --- [           main] .s.b.a.l.ConditionEvaluationReportLogger : 
springboot-app  | 
springboot-app  | Error starting ApplicationContext. To display the condition evaluation report re-run your application with 'debug' enabled.
springboot-app  | 2025-11-10T09:45:19.693+08:00 ERROR 7 --- [           main] o.s.boot.SpringApplication               : Application run failed
springboot-app  | 
springboot-app  | org.springframework.beans.factory.BeanCreationException: Error creating bean with name 'alarmDataParse': Lookup method resolution failed
springboot-app  | 	at org.springframework.beans.factory.annotation.AutowiredAnnotationBeanPostProcessor.checkLookupMethods(AutowiredAnnotationBeanPostProcessor.java:498) ~[spring-beans-6.2.1.jar!/:6.2.1]
springboot-app  | 	at org.springframework.beans.factory.annotation.AutowiredAnnotationBeanPostProcessor.determineCandidateConstructors(AutowiredAnnotationBeanPostProcessor.java:368) ~[spring-beans-6.2.1.jar!/:6.2.1]
springboot-app  | 	at org.springframework.beans.factory.support.AbstractAutowireCapableBeanFactory.determineConstructorsFromBeanPostProcessors(AbstractAutowireCapableBeanFactory.java:1316) ~[spring-beans-6.2.1.jar!/:6.2.1]
springboot-app  | 	at org.springframework.beans.factory.support.AbstractAutowireCapableBeanFactory.createBeanInstance(AbstractAutowireCapableBeanFactory.java:1211) ~[spring-beans-6.2.1.jar!/:6.2.1]
springboot-app  | 	at org.springframework.beans.factory.support.AbstractAutowireCapableBeanFactory.doCreateBean(AbstractAutowireCapableBeanFactory.java:563) ~[spring-beans-6.2.1.jar!/:6.2.1]
springboot-app  | 	at org.springframework.beans.factory.support.AbstractAutowireCapableBeanFactory.createBean(AbstractAutowireCapableBeanFactory.java:523) ~[spring-beans-6.2.1.jar!/:6.2.1]
springboot-app  | 	at org.springframework.beans.factory.support.AbstractBeanFactory.lambda$doGetBean$0(AbstractBeanFactory.java:336) ~[spring-beans-6.2.1.jar!/:6.2.1]
springboot-app  | 	at org.springframework.beans.factory.support.DefaultSingletonBeanRegistry.getSingleton(DefaultSingletonBeanRegistry.java:289) ~[spring-beans-6.2.1.jar!/:6.2.1]
springboot-app  | 	at org.springframework.beans.factory.support.AbstractBeanFactory.doGetBean(AbstractBeanFactory.java:334) ~[spring-beans-6.2.1.jar!/:6.2.1]
springboot-app  | 	at org.springframework.beans.factory.support.AbstractBeanFactory.getBean(AbstractBeanFactory.java:199) ~[spring-beans-6.2.1.jar!/:6.2.1]
springboot-app  | 	at org.springframework.beans.factory.support.DefaultListableBeanFactory.instantiateSingleton(DefaultListableBeanFactory.java:1122) ~[spring-beans-6.2.1.jar!/:6.2.1]
springboot-app  | 	at org.springframework.beans.factory.support.DefaultListableBeanFactory.preInstantiateSingleton(DefaultListableBeanFactory.java:1093) ~[spring-beans-6.2.1.jar!/:6.2.1]
springboot-app  | 	at org.springframework.beans.factory.support.DefaultListableBeanFactory.preInstantiateSingletons(DefaultListableBeanFactory.java:1030) ~[spring-beans-6.2.1.jar!/:6.2.1]
springboot-app  | 	at org.springframework.context.support.AbstractApplicationContext.finishBeanFactoryInitialization(AbstractApplicationContext.java:987) ~[spring-context-6.2.1.jar!/:6.2.1]
springboot-app  | 	at org.springframework.context.support.AbstractApplicationContext.refresh(AbstractApplicationContext.java:627) ~[spring-context-6.2.1.jar!/:6.2.1]
springboot-app  | 	at org.springframework.boot.web.servlet.context.ServletWebServerApplicationContext.refresh(ServletWebServerApplicationContext.java:146) ~[spring-boot-3.4.1.jar!/:3.4.1]
springboot-app  | 	at org.springframework.boot.SpringApplication.refresh(SpringApplication.java:752) ~[spring-boot-3.4.1.jar!/:3.4.1]
springboot-app  | 	at org.springframework.boot.SpringApplication.refreshContext(SpringApplication.java:439) ~[spring-boot-3.4.1.jar!/:3.4.1]
springboot-app  | 	at org.springframework.boot.SpringApplication.run(SpringApplication.java:318) ~[spring-boot-3.4.1.jar!/:3.4.1]
springboot-app  | 	at org.springframework.boot.SpringApplication.run(SpringApplication.java:1361) ~[spring-boot-3.4.1.jar!/:3.4.1]
springboot-app  | 	at org.springframework.boot.SpringApplication.run(SpringApplication.java:1350) ~[spring-boot-3.4.1.jar!/:3.4.1]
springboot-app  | 	at com.wms.wmdrfid.WmdRfidApplication.main(WmdRfidApplication.java:13) ~[!/:0.0.1-SNAPSHOT]
springboot-app  | 	at java.base/jdk.internal.reflect.NativeMethodAccessorImpl.invoke0(Native Method) ~[na:na]
springboot-app  | 	at java.base/jdk.internal.reflect.NativeMethodAccessorImpl.invoke(NativeMethodAccessorImpl.java:77) ~[na:na]
springboot-app  | 	at java.base/jdk.internal.reflect.DelegatingMethodAccessorImpl.invoke(DelegatingMethodAccessorImpl.java:43) ~[na:na]
springboot-app  | 	at java.base/java.lang.reflect.Method.invoke(Method.java:568) ~[na:na]
springboot-app  | 	at org.springframework.boot.loader.launch.Launcher.launch(Launcher.java:102) ~[app.jar:0.0.1-SNAPSHOT]
springboot-app  | 	at org.springframework.boot.loader.launch.Launcher.launch(Launcher.java:64) ~[app.jar:0.0.1-SNAPSHOT]
springboot-app  | 	at org.springframework.boot.loader.launch.JarLauncher.main(JarLauncher.java:40) ~[app.jar:0.0.1-SNAPSHOT]
springboot-app  | Caused by: java.lang.IllegalStateException: Failed to introspect Class [com.wms.wmdrfid.Conf.Config.AlarmDataParse] from ClassLoader [org.springframework.boot.loader.launch.LaunchedClassLoader@1f32e575]
springboot-app  | 	at org.springframework.util.ReflectionUtils.getDeclaredMethods(ReflectionUtils.java:483) ~[spring-core-6.2.1.jar!/:6.2.1]
springboot-app  | 	at org.springframework.util.ReflectionUtils.doWithLocalMethods(ReflectionUtils.java:320) ~[spring-core-6.2.1.jar!/:6.2.1]
springboot-app  | 	at org.springframework.beans.factory.annotation.AutowiredAnnotationBeanPostProcessor.checkLookupMethods(AutowiredAnnotationBeanPostProcessor.java:476) ~[spring-beans-6.2.1.jar!/:6.2.1]
springboot-app  | 	... 28 common frames omitted
springboot-app  | Caused by: java.lang.NoClassDefFoundError: com/sun/jna/Structure
springboot-app  | 	at java.base/java.lang.ClassLoader.defineClass1(Native Method) ~[na:na]
springboot-app  | 	at java.base/java.lang.ClassLoader.defineClass(ClassLoader.java:1012) ~[na:na]
springboot-app  | 	at java.base/java.security.SecureClassLoader.defineClass(SecureClassLoader.java:150) ~[na:na]
springboot-app  | 	at java.base/java.net.URLClassLoader.defineClass(URLClassLoader.java:524) ~[na:na]
springboot-app  | 	at java.base/java.net.URLClassLoader$1.run(URLClassLoader.java:427) ~[na:na]
springboot-app  | 	at java.base/java.net.URLClassLoader$1.run(URLClassLoader.java:421) ~[na:na]
springboot-app  | 	at java.base/java.security.AccessController.doPrivileged(AccessController.java:712) ~[na:na]
springboot-app  | 	at java.base/java.net.URLClassLoader.findClass(URLClassLoader.java:420) ~[na:na]
springboot-app  | 	at java.base/java.lang.ClassLoader.loadClass(ClassLoader.java:587) ~[na:na]
springboot-app  | 	at org.springframework.boot.loader.net.protocol.jar.JarUrlClassLoader.loadClass(JarUrlClassLoader.java:107) ~[app.jar:0.0.1-SNAPSHOT]
springboot-app  | 	at org.springframework.boot.loader.launch.LaunchedClassLoader.loadClass(LaunchedClassLoader.java:91) ~[app.jar:0.0.1-SNAPSHOT]
springboot-app  | 	at java.base/java.lang.ClassLoader.loadClass(ClassLoader.java:520) ~[na:na]
springboot-app  | 	at java.base/java.lang.Class.getDeclaredMethods0(Native Method) ~[na:na]
springboot-app  | 	at java.base/java.lang.Class.privateGetDeclaredMethods(Class.java:3402) ~[na:na]
springboot-app  | 	at java.base/java.lang.Class.getDeclaredMethods(Class.java:2504) ~[na:na]
springboot-app  | 	at org.springframework.util.ReflectionUtils.getDeclaredMethods(ReflectionUtils.java:465) ~[spring-core-6.2.1.jar!/:6.2.1]
springboot-app  | 	... 30 common frames omitted
springboot-app  | Caused by: java.lang.ClassNotFoundException: com.sun.jna.Structure
springboot-app  | 	at java.base/java.net.URLClassLoader.findClass(URLClassLoader.java:445) ~[na:na]
springboot-app  | 	at java.base/java.lang.ClassLoader.loadClass(ClassLoader.java:587) ~[na:na]
springboot-app  | 	at org.springframework.boot.loader.net.protocol.jar.JarUrlClassLoader.loadClass(JarUrlClassLoader.java:107) ~[app.jar:0.0.1-SNAPSHOT]
springboot-app  | 	at org.springframework.boot.loader.launch.LaunchedClassLoader.loadClass(LaunchedClassLoader.java:91) ~[app.jar:0.0.1-SNAPSHOT]
springboot-app  | 	at java.base/java.lang.ClassLoader.loadClass(ClassLoader.java:520) ~[na:na]
springboot-app  | 	... 46 common frames omitted
springboot-app  | 
springboot-app  | 
springboot-app  |   .   ____          _            __ _ _
springboot-app  |  /\\ / ___'_ __ _ _(_)_ __  __ _ \ \ \ \
springboot-app  | ( ( )\___ | '_ | '_| | '_ \/ _` | \ \ \ \
springboot-app  |  \\/  ___)| |_)| | | | | || (_| |  ) ) ) )
springboot-app  |   '  |____| .__|_| |_|_| |_\__, | / / / /
springboot-app  |  =========|_|==============|___/=/_/_/_/
springboot-app  | 
springboot-app  |  :: Spring Boot ::                (v3.4.1)
springboot-app  | 
springboot-app  | 2025-11-10T09:45:21.781+08:00  INFO 7 --- [           main] com.wms.wmdrfid.WmdRfidApplication       : Starting WmdRfidApplication v0.0.1-SNAPSHOT using Java 17.0.2 with PID 7 (/app/app.jar started by root in /app)
springboot-app  | 2025-11-10T09:45:21.788+08:00  INFO 7 --- [           main] com.wms.wmdrfid.WmdRfidApplication       : No active profile set, falling back to 1 default profile: "default"
springboot-app  | 2025-11-10T09:45:23.489+08:00  INFO 7 --- [           main] .s.d.r.c.RepositoryConfigurationDelegate : Multiple Spring Data modules found, entering strict repository configuration mode
springboot-app  | 2025-11-10T09:45:23.493+08:00  INFO 7 --- [           main] .s.d.r.c.RepositoryConfigurationDelegate : Bootstrapping Spring Data Redis repositories in DEFAULT mode.
springboot-app  | 2025-11-10T09:45:23.793+08:00  INFO 7 --- [           main] .s.d.r.c.RepositoryConfigurationDelegate : Finished Spring Data repository scanning in 270 ms. Found 0 Redis repository interfaces.
springboot-app  | 2025-11-10T09:45:23.975+08:00  INFO 7 --- [           main] faultConfiguringBeanFactoryPostProcessor : No bean named 'errorChannel' has been explicitly defined. Therefore, a default PublishSubscribeChannel will be created.
springboot-app  | 2025-11-10T09:45:23.987+08:00  INFO 7 --- [           main] faultConfiguringBeanFactoryPostProcessor : No bean named 'integrationHeaderChannelRegistry' has been explicitly defined. Therefore, a default DefaultHeaderChannelRegistry will be created.
springboot-app  | 2025-11-10T09:45:24.845+08:00  INFO 7 --- [           main] o.s.b.w.embedded.tomcat.TomcatWebServer  : Tomcat initialized with port 8080 (http)
springboot-app  | 2025-11-10T09:45:24.859+08:00  INFO 7 --- [           main] o.apache.catalina.core.StandardService   : Starting service [Tomcat]
springboot-app  | 2025-11-10T09:45:24.860+08:00  INFO 7 --- [           main] o.apache.catalina.core.StandardEngine    : Starting Servlet engine: [Apache Tomcat/10.1.34]
springboot-app  | 2025-11-10T09:45:24.896+08:00  INFO 7 --- [           main] o.a.c.c.C.[Tomcat].[localhost].[/]       : Initializing Spring embedded WebApplicationContext
springboot-app  | 2025-11-10T09:45:24.898+08:00  INFO 7 --- [           main] w.s.c.ServletWebServerApplicationContext : Root WebApplicationContext: initialization completed in 2948 ms
springboot-app  | 2025-11-10T09:45:24.983+08:00  WARN 7 --- [           main] ConfigServletWebServerApplicationContext : Exception encountered during context initialization - cancelling refresh attempt: org.springframework.beans.factory.BeanCreationException: Error creating bean with name 'alarmDataParse': Lookup method resolution failed
springboot-app  | 2025-11-10T09:45:24.987+08:00  INFO 7 --- [           main] o.apache.catalina.core.StandardService   : Stopping service [Tomcat]
springboot-app  | 2025-11-10T09:45:25.116+08:00  INFO 7 --- [           main] .s.b.a.l.ConditionEvaluationReportLogger : 
springboot-app  | 
springboot-app  | Error starting ApplicationContext. To display the condition evaluation report re-run your application with 'debug' enabled.
springboot-app  | 2025-11-10T09:45:25.139+08:00 ERROR 7 --- [           main] o.s.boot.SpringApplication               : Application run failed
springboot-app  | 
springboot-app  | org.springframework.beans.factory.BeanCreationException: Error creating bean with name 'alarmDataParse': Lookup method resolution failed
springboot-app  | 	at org.springframework.beans.factory.annotation.AutowiredAnnotationBeanPostProcessor.checkLookupMethods(AutowiredAnnotationBeanPostProcessor.java:498) ~[spring-beans-6.2.1.jar!/:6.2.1]
springboot-app  | 	at org.springframework.beans.factory.annotation.AutowiredAnnotationBeanPostProcessor.determineCandidateConstructors(AutowiredAnnotationBeanPostProcessor.java:368) ~[spring-beans-6.2.1.jar!/:6.2.1]
springboot-app  | 	at org.springframework.beans.factory.support.AbstractAutowireCapableBeanFactory.determineConstructorsFromBeanPostProcessors(AbstractAutowireCapableBeanFactory.java:1316) ~[spring-beans-6.2.1.jar!/:6.2.1]
springboot-app  | 	at org.springframework.beans.factory.support.AbstractAutowireCapableBeanFactory.createBeanInstance(AbstractAutowireCapableBeanFactory.java:1211) ~[spring-beans-6.2.1.jar!/:6.2.1]
springboot-app  | 	at org.springframework.beans.factory.support.AbstractAutowireCapableBeanFactory.doCreateBean(AbstractAutowireCapableBeanFactory.java:563) ~[spring-beans-6.2.1.jar!/:6.2.1]
springboot-app  | 	at org.springframework.beans.factory.support.AbstractAutowireCapableBeanFactory.createBean(AbstractAutowireCapableBeanFactory.java:523) ~[spring-beans-6.2.1.jar!/:6.2.1]
springboot-app  | 	at org.springframework.beans.factory.support.AbstractBeanFactory.lambda$doGetBean$0(AbstractBeanFactory.java:336) ~[spring-beans-6.2.1.jar!/:6.2.1]
springboot-app  | 	at org.springframework.beans.factory.support.DefaultSingletonBeanRegistry.getSingleton(DefaultSingletonBeanRegistry.java:289) ~[spring-beans-6.2.1.jar!/:6.2.1]
springboot-app  | 	at org.springframework.beans.factory.support.AbstractBeanFactory.doGetBean(AbstractBeanFactory.java:334) ~[spring-beans-6.2.1.jar!/:6.2.1]
springboot-app  | 	at org.springframework.beans.factory.support.AbstractBeanFactory.getBean(AbstractBeanFactory.java:199) ~[spring-beans-6.2.1.jar!/:6.2.1]
springboot-app  | 	at org.springframework.beans.factory.support.DefaultListableBeanFactory.instantiateSingleton(DefaultListableBeanFactory.java:1122) ~[spring-beans-6.2.1.jar!/:6.2.1]
springboot-app  | 	at org.springframework.beans.factory.support.DefaultListableBeanFactory.preInstantiateSingleton(DefaultListableBeanFactory.java:1093) ~[spring-beans-6.2.1.jar!/:6.2.1]
springboot-app  | 	at org.springframework.beans.factory.support.DefaultListableBeanFactory.preInstantiateSingletons(DefaultListableBeanFactory.java:1030) ~[spring-beans-6.2.1.jar!/:6.2.1]
springboot-app  | 	at org.springframework.context.support.AbstractApplicationContext.finishBeanFactoryInitialization(AbstractApplicationContext.java:987) ~[spring-context-6.2.1.jar!/:6.2.1]
springboot-app  | 	at org.springframework.context.support.AbstractApplicationContext.refresh(AbstractApplicationContext.java:627) ~[spring-context-6.2.1.jar!/:6.2.1]
springboot-app  | 	at org.springframework.boot.web.servlet.context.ServletWebServerApplicationContext.refresh(ServletWebServerApplicationContext.java:146) ~[spring-boot-3.4.1.jar!/:3.4.1]
springboot-app  | 	at org.springframework.boot.SpringApplication.refresh(SpringApplication.java:752) ~[spring-boot-3.4.1.jar!/:3.4.1]
springboot-app  | 	at org.springframework.boot.SpringApplication.refreshContext(SpringApplication.java:439) ~[spring-boot-3.4.1.jar!/:3.4.1]
springboot-app  | 	at org.springframework.boot.SpringApplication.run(SpringApplication.java:318) ~[spring-boot-3.4.1.jar!/:3.4.1]
springboot-app  | 	at org.springframework.boot.SpringApplication.run(SpringApplication.java:1361) ~[spring-boot-3.4.1.jar!/:3.4.1]
springboot-app  | 	at org.springframework.boot.SpringApplication.run(SpringApplication.java:1350) ~[spring-boot-3.4.1.jar!/:3.4.1]
springboot-app  | 	at com.wms.wmdrfid.WmdRfidApplication.main(WmdRfidApplication.java:13) ~[!/:0.0.1-SNAPSHOT]
springboot-app  | 	at java.base/jdk.internal.reflect.NativeMethodAccessorImpl.invoke0(Native Method) ~[na:na]
springboot-app  | 	at java.base/jdk.internal.reflect.NativeMethodAccessorImpl.invoke(NativeMethodAccessorImpl.java:77) ~[na:na]
springboot-app  | 	at java.base/jdk.internal.reflect.DelegatingMethodAccessorImpl.invoke(DelegatingMethodAccessorImpl.java:43) ~[na:na]
springboot-app  | 	at java.base/java.lang.reflect.Method.invoke(Method.java:568) ~[na:na]
springboot-app  | 	at org.springframework.boot.loader.launch.Launcher.launch(Launcher.java:102) ~[app.jar:0.0.1-SNAPSHOT]
springboot-app  | 	at org.springframework.boot.loader.launch.Launcher.launch(Launcher.java:64) ~[app.jar:0.0.1-SNAPSHOT]
springboot-app  | 	at org.springframework.boot.loader.launch.JarLauncher.main(JarLauncher.java:40) ~[app.jar:0.0.1-SNAPSHOT]
springboot-app  | Caused by: java.lang.IllegalStateException: Failed to introspect Class [com.wms.wmdrfid.Conf.Config.AlarmDataParse] from ClassLoader [org.springframework.boot.loader.launch.LaunchedClassLoader@1f32e575]
springboot-app  | 	at org.springframework.util.ReflectionUtils.getDeclaredMethods(ReflectionUtils.java:483) ~[spring-core-6.2.1.jar!/:6.2.1]
springboot-app  | 	at org.springframework.util.ReflectionUtils.doWithLocalMethods(ReflectionUtils.java:320) ~[spring-core-6.2.1.jar!/:6.2.1]
springboot-app  | 	at org.springframework.beans.factory.annotation.AutowiredAnnotationBeanPostProcessor.checkLookupMethods(AutowiredAnnotationBeanPostProcessor.java:476) ~[spring-beans-6.2.1.jar!/:6.2.1]
springboot-app  | 	... 28 common frames omitted
springboot-app  | Caused by: java.lang.NoClassDefFoundError: com/sun/jna/Structure
springboot-app  | 	at java.base/java.lang.ClassLoader.defineClass1(Native Method) ~[na:na]
springboot-app  | 	at java.base/java.lang.ClassLoader.defineClass(ClassLoader.java:1012) ~[na:na]
springboot-app  | 	at java.base/java.security.SecureClassLoader.defineClass(SecureClassLoader.java:150) ~[na:na]
springboot-app  | 	at java.base/java.net.URLClassLoader.defineClass(URLClassLoader.java:524) ~[na:na]
springboot-app  | 	at java.base/java.net.URLClassLoader$1.run(URLClassLoader.java:427) ~[na:na]
springboot-app  | 	at java.base/java.net.URLClassLoader$1.run(URLClassLoader.java:421) ~[na:na]
springboot-app  | 	at java.base/java.security.AccessController.doPrivileged(AccessController.java:712) ~[na:na]
springboot-app  | 	at java.base/java.net.URLClassLoader.findClass(URLClassLoader.java:420) ~[na:na]
springboot-app  | 	at java.base/java.lang.ClassLoader.loadClass(ClassLoader.java:587) ~[na:na]
springboot-app  | 	at org.springframework.boot.loader.net.protocol.jar.JarUrlClassLoader.loadClass(JarUrlClassLoader.java:107) ~[app.jar:0.0.1-SNAPSHOT]
springboot-app  | 	at org.springframework.boot.loader.launch.LaunchedClassLoader.loadClass(LaunchedClassLoader.java:91) ~[app.jar:0.0.1-SNAPSHOT]
springboot-app  | 	at java.base/java.lang.ClassLoader.loadClass(ClassLoader.java:520) ~[na:na]
springboot-app  | 	at java.base/java.lang.Class.getDeclaredMethods0(Native Method) ~[na:na]
springboot-app  | 	at java.base/java.lang.Class.privateGetDeclaredMethods(Class.java:3402) ~[na:na]
springboot-app  | 	at java.base/java.lang.Class.getDeclaredMethods(Class.java:2504) ~[na:na]
springboot-app  | 	at org.springframework.util.ReflectionUtils.getDeclaredMethods(ReflectionUtils.java:465) ~[spring-core-6.2.1.jar!/:6.2.1]
springboot-app  | 	... 30 common frames omitted
springboot-app  | Caused by: java.lang.ClassNotFoundException: com.sun.jna.Structure
springboot-app  | 	at java.base/java.net.URLClassLoader.findClass(URLClassLoader.java:445) ~[na:na]
springboot-app  | 	at java.base/java.lang.ClassLoader.loadClass(ClassLoader.java:587) ~[na:na]
springboot-app  | 	at org.springframework.boot.loader.net.protocol.jar.JarUrlClassLoader.loadClass(JarUrlClassLoader.java:107) ~[app.jar:0.0.1-SNAPSHOT]
springboot-app  | 	at org.springframework.boot.loader.launch.LaunchedClassLoader.loadClass(LaunchedClassLoader.java:91) ~[app.jar:0.0.1-SNAPSHOT]
springboot-app  | 	at java.base/java.lang.ClassLoader.loadClass(ClassLoader.java:520) ~[na:na]
springboot-app  | 	... 46 common frames omitted
springboot-app  | 
springboot-app  | 
springboot-app  |   .   ____          _            __ _ _
springboot-app  |  /\\ / ___'_ __ _ _(_)_ __  __ _ \ \ \ \
springboot-app  | ( ( )\___ | '_ | '_| | '_ \/ _` | \ \ \ \
springboot-app  |  \\/  ___)| |_)| | | | | || (_| |  ) ) ) )
springboot-app  |   '  |____| .__|_| |_|_| |_\__, | / / / /
springboot-app  |  =========|_|==============|___/=/_/_/_/
springboot-app  | 
springboot-app  |  :: Spring Boot ::                (v3.4.1)
springboot-app  | 
springboot-app  | 2025-11-10T09:45:27.336+08:00  INFO 7 --- [           main] com.wms.wmdrfid.WmdRfidApplication       : Starting WmdRfidApplication v0.0.1-SNAPSHOT using Java 17.0.2 with PID 7 (/app/app.jar started by root in /app)
springboot-app  | 2025-11-10T09:45:27.343+08:00  INFO 7 --- [           main] com.wms.wmdrfid.WmdRfidApplication       : No active profile set, falling back to 1 default profile: "default"
springboot-app  | 2025-11-10T09:45:28.810+08:00  INFO 7 --- [           main] .s.d.r.c.RepositoryConfigurationDelegate : Multiple Spring Data modules found, entering strict repository configuration mode
springboot-app  | 2025-11-10T09:45:28.814+08:00  INFO 7 --- [           main] .s.d.r.c.RepositoryConfigurationDelegate : Bootstrapping Spring Data Redis repositories in DEFAULT mode.
springboot-app  | 2025-11-10T09:45:29.159+08:00  INFO 7 --- [           main] .s.d.r.c.RepositoryConfigurationDelegate : Finished Spring Data repository scanning in 323 ms. Found 0 Redis repository interfaces.
springboot-app  | 2025-11-10T09:45:29.346+08:00  INFO 7 --- [           main] faultConfiguringBeanFactoryPostProcessor : No bean named 'errorChannel' has been explicitly defined. Therefore, a default PublishSubscribeChannel will be created.
springboot-app  | 2025-11-10T09:45:29.363+08:00  INFO 7 --- [           main] faultConfiguringBeanFactoryPostProcessor : No bean named 'integrationHeaderChannelRegistry' has been explicitly defined. Therefore, a default DefaultHeaderChannelRegistry will be created.
springboot-app  | 2025-11-10T09:45:30.277+08:00  INFO 7 --- [           main] o.s.b.w.embedded.tomcat.TomcatWebServer  : Tomcat initialized with port 8080 (http)
springboot-app  | 2025-11-10T09:45:30.298+08:00  INFO 7 --- [           main] o.apache.catalina.core.StandardService   : Starting service [Tomcat]
springboot-app  | 2025-11-10T09:45:30.299+08:00  INFO 7 --- [           main] o.apache.catalina.core.StandardEngine    : Starting Servlet engine: [Apache Tomcat/10.1.34]
springboot-app  | 2025-11-10T09:45:30.344+08:00  INFO 7 --- [           main] o.a.c.c.C.[Tomcat].[localhost].[/]       : Initializing Spring embedded WebApplicationContext
springboot-app  | 2025-11-10T09:45:30.345+08:00  INFO 7 --- [           main] w.s.c.ServletWebServerApplicationContext : Root WebApplicationContext: initialization completed in 2890 ms
springboot-app  | 2025-11-10T09:45:30.430+08:00  WARN 7 --- [           main] ConfigServletWebServerApplicationContext : Exception encountered during context initialization - cancelling refresh attempt: org.springframework.beans.factory.BeanCreationException: Error creating bean with name 'alarmDataParse': Lookup method resolution failed
springboot-app  | 2025-11-10T09:45:30.434+08:00  INFO 7 --- [           main] o.apache.catalina.core.StandardService   : Stopping service [Tomcat]
springboot-app  | 2025-11-10T09:45:30.566+08:00  INFO 7 --- [           main] .s.b.a.l.ConditionEvaluationReportLogger : 
springboot-app  | 
springboot-app  | Error starting ApplicationContext. To display the condition evaluation report re-run your application with 'debug' enabled.
springboot-app  | 2025-11-10T09:45:30.596+08:00 ERROR 7 --- [           main] o.s.boot.SpringApplication               : Application run failed
springboot-app  | 
springboot-app  | org.springframework.beans.factory.BeanCreationException: Error creating bean with name 'alarmDataParse': Lookup method resolution failed
springboot-app  | 	at org.springframework.beans.factory.annotation.AutowiredAnnotationBeanPostProcessor.checkLookupMethods(AutowiredAnnotationBeanPostProcessor.java:498) ~[spring-beans-6.2.1.jar!/:6.2.1]
springboot-app  | 	at org.springframework.beans.factory.annotation.AutowiredAnnotationBeanPostProcessor.determineCandidateConstructors(AutowiredAnnotationBeanPostProcessor.java:368) ~[spring-beans-6.2.1.jar!/:6.2.1]
springboot-app  | 	at org.springframework.beans.factory.support.AbstractAutowireCapableBeanFactory.determineConstructorsFromBeanPostProcessors(AbstractAutowireCapableBeanFactory.java:1316) ~[spring-beans-6.2.1.jar!/:6.2.1]
springboot-app  | 	at org.springframework.beans.factory.support.AbstractAutowireCapableBeanFactory.createBeanInstance(AbstractAutowireCapableBeanFactory.java:1211) ~[spring-beans-6.2.1.jar!/:6.2.1]
springboot-app  | 	at org.springframework.beans.factory.support.AbstractAutowireCapableBeanFactory.doCreateBean(AbstractAutowireCapableBeanFactory.java:563) ~[spring-beans-6.2.1.jar!/:6.2.1]
springboot-app  | 	at org.springframework.beans.factory.support.AbstractAutowireCapableBeanFactory.createBean(AbstractAutowireCapableBeanFactory.java:523) ~[spring-beans-6.2.1.jar!/:6.2.1]
springboot-app  | 	at org.springframework.beans.factory.support.AbstractBeanFactory.lambda$doGetBean$0(AbstractBeanFactory.java:336) ~[spring-beans-6.2.1.jar!/:6.2.1]
springboot-app  | 	at org.springframework.beans.factory.support.DefaultSingletonBeanRegistry.getSingleton(DefaultSingletonBeanRegistry.java:289) ~[spring-beans-6.2.1.jar!/:6.2.1]
springboot-app  | 	at org.springframework.beans.factory.support.AbstractBeanFactory.doGetBean(AbstractBeanFactory.java:334) ~[spring-beans-6.2.1.jar!/:6.2.1]
springboot-app  | 	at org.springframework.beans.factory.support.AbstractBeanFactory.getBean(AbstractBeanFactory.java:199) ~[spring-beans-6.2.1.jar!/:6.2.1]
springboot-app  | 	at org.springframework.beans.factory.support.DefaultListableBeanFactory.instantiateSingleton(DefaultListableBeanFactory.java:1122) ~[spring-beans-6.2.1.jar!/:6.2.1]
springboot-app  | 	at org.springframework.beans.factory.support.DefaultListableBeanFactory.preInstantiateSingleton(DefaultListableBeanFactory.java:1093) ~[spring-beans-6.2.1.jar!/:6.2.1]
springboot-app  | 	at org.springframework.beans.factory.support.DefaultListableBeanFactory.preInstantiateSingletons(DefaultListableBeanFactory.java:1030) ~[spring-beans-6.2.1.jar!/:6.2.1]
springboot-app  | 	at org.springframework.context.support.AbstractApplicationContext.finishBeanFactoryInitialization(AbstractApplicationContext.java:987) ~[spring-context-6.2.1.jar!/:6.2.1]
springboot-app  | 	at org.springframework.context.support.AbstractApplicationContext.refresh(AbstractApplicationContext.java:627) ~[spring-context-6.2.1.jar!/:6.2.1]
springboot-app  | 	at org.springframework.boot.web.servlet.context.ServletWebServerApplicationContext.refresh(ServletWebServerApplicationContext.java:146) ~[spring-boot-3.4.1.jar!/:3.4.1]
springboot-app  | 	at org.springframework.boot.SpringApplication.refresh(SpringApplication.java:752) ~[spring-boot-3.4.1.jar!/:3.4.1]
springboot-app  | 	at org.springframework.boot.SpringApplication.refreshContext(SpringApplication.java:439) ~[spring-boot-3.4.1.jar!/:3.4.1]
springboot-app  | 	at org.springframework.boot.SpringApplication.run(SpringApplication.java:318) ~[spring-boot-3.4.1.jar!/:3.4.1]
springboot-app  | 	at org.springframework.boot.SpringApplication.run(SpringApplication.java:1361) ~[spring-boot-3.4.1.jar!/:3.4.1]
springboot-app  | 	at org.springframework.boot.SpringApplication.run(SpringApplication.java:1350) ~[spring-boot-3.4.1.jar!/:3.4.1]
springboot-app  | 	at com.wms.wmdrfid.WmdRfidApplication.main(WmdRfidApplication.java:13) ~[!/:0.0.1-SNAPSHOT]
springboot-app  | 	at java.base/jdk.internal.reflect.NativeMethodAccessorImpl.invoke0(Native Method) ~[na:na]
springboot-app  | 	at java.base/jdk.internal.reflect.NativeMethodAccessorImpl.invoke(NativeMethodAccessorImpl.java:77) ~[na:na]
springboot-app  | 	at java.base/jdk.internal.reflect.DelegatingMethodAccessorImpl.invoke(DelegatingMethodAccessorImpl.java:43) ~[na:na]
springboot-app  | 	at java.base/java.lang.reflect.Method.invoke(Method.java:568) ~[na:na]
springboot-app  | 	at org.springframework.boot.loader.launch.Launcher.launch(Launcher.java:102) ~[app.jar:0.0.1-SNAPSHOT]
springboot-app  | 	at org.springframework.boot.loader.launch.Launcher.launch(Launcher.java:64) ~[app.jar:0.0.1-SNAPSHOT]
springboot-app  | 	at org.springframework.boot.loader.launch.JarLauncher.main(JarLauncher.java:40) ~[app.jar:0.0.1-SNAPSHOT]
springboot-app  | Caused by: java.lang.IllegalStateException: Failed to introspect Class [com.wms.wmdrfid.Conf.Config.AlarmDataParse] from ClassLoader [org.springframework.boot.loader.launch.LaunchedClassLoader@1f32e575]
springboot-app  | 	at org.springframework.util.ReflectionUtils.getDeclaredMethods(ReflectionUtils.java:483) ~[spring-core-6.2.1.jar!/:6.2.1]
springboot-app  | 	at org.springframework.util.ReflectionUtils.doWithLocalMethods(ReflectionUtils.java:320) ~[spring-core-6.2.1.jar!/:6.2.1]
springboot-app  | 	at org.springframework.beans.factory.annotation.AutowiredAnnotationBeanPostProcessor.checkLookupMethods(AutowiredAnnotationBeanPostProcessor.java:476) ~[spring-beans-6.2.1.jar!/:6.2.1]
springboot-app  | 	... 28 common frames omitted
springboot-app  | Caused by: java.lang.NoClassDefFoundError: com/sun/jna/Structure
springboot-app  | 	at java.base/java.lang.ClassLoader.defineClass1(Native Method) ~[na:na]
springboot-app  | 	at java.base/java.lang.ClassLoader.defineClass(ClassLoader.java:1012) ~[na:na]
springboot-app  | 	at java.base/java.security.SecureClassLoader.defineClass(SecureClassLoader.java:150) ~[na:na]
springboot-app  | 	at java.base/java.net.URLClassLoader.defineClass(URLClassLoader.java:524) ~[na:na]
springboot-app  | 	at java.base/java.net.URLClassLoader$1.run(URLClassLoader.java:427) ~[na:na]
springboot-app  | 	at java.base/java.net.URLClassLoader$1.run(URLClassLoader.java:421) ~[na:na]
springboot-app  | 	at java.base/java.security.AccessController.doPrivileged(AccessController.java:712) ~[na:na]
springboot-app  | 	at java.base/java.net.URLClassLoader.findClass(URLClassLoader.java:420) ~[na:na]
springboot-app  | 	at java.base/java.lang.ClassLoader.loadClass(ClassLoader.java:587) ~[na:na]
springboot-app  | 	at org.springframework.boot.loader.net.protocol.jar.JarUrlClassLoader.loadClass(JarUrlClassLoader.java:107) ~[app.jar:0.0.1-SNAPSHOT]
springboot-app  | 	at org.springframework.boot.loader.launch.LaunchedClassLoader.loadClass(LaunchedClassLoader.java:91) ~[app.jar:0.0.1-SNAPSHOT]
springboot-app  | 	at java.base/java.lang.ClassLoader.loadClass(ClassLoader.java:520) ~[na:na]
springboot-app  | 	at java.base/java.lang.Class.getDeclaredMethods0(Native Method) ~[na:na]
springboot-app  | 	at java.base/java.lang.Class.privateGetDeclaredMethods(Class.java:3402) ~[na:na]
springboot-app  | 	at java.base/java.lang.Class.getDeclaredMethods(Class.java:2504) ~[na:na]
springboot-app  | 	at org.springframework.util.ReflectionUtils.getDeclaredMethods(ReflectionUtils.java:465) ~[spring-core-6.2.1.jar!/:6.2.1]
springboot-app  | 	... 30 common frames omitted
springboot-app  | Caused by: java.lang.ClassNotFoundException: com.sun.jna.Structure
springboot-app  | 	at java.base/java.net.URLClassLoader.findClass(URLClassLoader.java:445) ~[na:na]
springboot-app  | 	at java.base/java.lang.ClassLoader.loadClass(ClassLoader.java:587) ~[na:na]
springboot-app  | 	at org.springframework.boot.loader.net.protocol.jar.JarUrlClassLoader.loadClass(JarUrlClassLoader.java:107) ~[app.jar:0.0.1-SNAPSHOT]
springboot-app  | 	at org.springframework.boot.loader.launch.LaunchedClassLoader.loadClass(LaunchedClassLoader.java:91) ~[app.jar:0.0.1-SNAPSHOT]
springboot-app  | 	at java.base/java.lang.ClassLoader.loadClass(ClassLoader.java:520) ~[na:na]
springboot-app  | 	... 46 common frames omitted
springboot-app  | 
springboot-app  | 
springboot-app  |   .   ____          _            __ _ _
springboot-app  |  /\\ / ___'_ __ _ _(_)_ __  __ _ \ \ \ \
springboot-app  | ( ( )\___ | '_ | '_| | '_ \/ _` | \ \ \ \
springboot-app  |  \\/  ___)| |_)| | | | | || (_| |  ) ) ) )
springboot-app  |   '  |____| .__|_| |_|_| |_\__, | / / / /
springboot-app  |  =========|_|==============|___/=/_/_/_/
springboot-app  | 
springboot-app  |  :: Spring Boot ::                (v3.4.1)
springboot-app  | 
springboot-app  | 2025-11-10T09:45:33.118+08:00  INFO 8 --- [           main] com.wms.wmdrfid.WmdRfidApplication       : Starting WmdRfidApplication v0.0.1-SNAPSHOT using Java 17.0.2 with PID 8 (/app/app.jar started by root in /app)
springboot-app  | 2025-11-10T09:45:33.122+08:00  INFO 8 --- [           main] com.wms.wmdrfid.WmdRfidApplication       : No active profile set, falling back to 1 default profile: "default"
springboot-app  | 2025-11-10T09:45:34.520+08:00  INFO 8 --- [           main] .s.d.r.c.RepositoryConfigurationDelegate : Multiple Spring Data modules found, entering strict repository configuration mode
springboot-app  | 2025-11-10T09:45:34.523+08:00  INFO 8 --- [           main] .s.d.r.c.RepositoryConfigurationDelegate : Bootstrapping Spring Data Redis repositories in DEFAULT mode.
springboot-app  | 2025-11-10T09:45:34.751+08:00  INFO 8 --- [           main] .s.d.r.c.RepositoryConfigurationDelegate : Finished Spring Data repository scanning in 206 ms. Found 0 Redis repository interfaces.
springboot-app  | 2025-11-10T09:45:34.916+08:00  INFO 8 --- [           main] faultConfiguringBeanFactoryPostProcessor : No bean named 'errorChannel' has been explicitly defined. Therefore, a default PublishSubscribeChannel will be created.
springboot-app  | 2025-11-10T09:45:34.928+08:00  INFO 8 --- [           main] faultConfiguringBeanFactoryPostProcessor : No bean named 'integrationHeaderChannelRegistry' has been explicitly defined. Therefore, a default DefaultHeaderChannelRegistry will be created.
springboot-app  | 2025-11-10T09:45:35.735+08:00  INFO 8 --- [           main] o.s.b.w.embedded.tomcat.TomcatWebServer  : Tomcat initialized with port 8080 (http)
springboot-app  | 2025-11-10T09:45:35.749+08:00  INFO 8 --- [           main] o.apache.catalina.core.StandardService   : Starting service [Tomcat]
springboot-app  | 2025-11-10T09:45:35.749+08:00  INFO 8 --- [           main] o.apache.catalina.core.StandardEngine    : Starting Servlet engine: [Apache Tomcat/10.1.34]
springboot-app  | 2025-11-10T09:45:35.786+08:00  INFO 8 --- [           main] o.a.c.c.C.[Tomcat].[localhost].[/]       : Initializing Spring embedded WebApplicationContext
springboot-app  | 2025-11-10T09:45:35.788+08:00  INFO 8 --- [           main] w.s.c.ServletWebServerApplicationContext : Root WebApplicationContext: initialization completed in 2548 ms
springboot-app  | 2025-11-10T09:45:35.871+08:00  WARN 8 --- [           main] ConfigServletWebServerApplicationContext : Exception encountered during context initialization - cancelling refresh attempt: org.springframework.beans.factory.BeanCreationException: Error creating bean with name 'alarmDataParse': Lookup method resolution failed
springboot-app  | 2025-11-10T09:45:35.874+08:00  INFO 8 --- [           main] o.apache.catalina.core.StandardService   : Stopping service [Tomcat]
springboot-app  | 2025-11-10T09:45:36.002+08:00  INFO 8 --- [           main] .s.b.a.l.ConditionEvaluationReportLogger : 
springboot-app  | 
springboot-app  | Error starting ApplicationContext. To display the condition evaluation report re-run your application with 'debug' enabled.
springboot-app  | 2025-11-10T09:45:36.029+08:00 ERROR 8 --- [           main] o.s.boot.SpringApplication               : Application run failed
springboot-app  | 
springboot-app  | org.springframework.beans.factory.BeanCreationException: Error creating bean with name 'alarmDataParse': Lookup method resolution failed
springboot-app  | 	at org.springframework.beans.factory.annotation.AutowiredAnnotationBeanPostProcessor.checkLookupMethods(AutowiredAnnotationBeanPostProcessor.java:498) ~[spring-beans-6.2.1.jar!/:6.2.1]
springboot-app  | 	at org.springframework.beans.factory.annotation.AutowiredAnnotationBeanPostProcessor.determineCandidateConstructors(AutowiredAnnotationBeanPostProcessor.java:368) ~[spring-beans-6.2.1.jar!/:6.2.1]
springboot-app  | 	at org.springframework.beans.factory.support.AbstractAutowireCapableBeanFactory.determineConstructorsFromBeanPostProcessors(AbstractAutowireCapableBeanFactory.java:1316) ~[spring-beans-6.2.1.jar!/:6.2.1]
springboot-app  | 	at org.springframework.beans.factory.support.AbstractAutowireCapableBeanFactory.createBeanInstance(AbstractAutowireCapableBeanFactory.java:1211) ~[spring-beans-6.2.1.jar!/:6.2.1]
springboot-app  | 	at org.springframework.beans.factory.support.AbstractAutowireCapableBeanFactory.doCreateBean(AbstractAutowireCapableBeanFactory.java:563) ~[spring-beans-6.2.1.jar!/:6.2.1]
springboot-app  | 	at org.springframework.beans.factory.support.AbstractAutowireCapableBeanFactory.createBean(AbstractAutowireCapableBeanFactory.java:523) ~[spring-beans-6.2.1.jar!/:6.2.1]
springboot-app  | 	at org.springframework.beans.factory.support.AbstractBeanFactory.lambda$doGetBean$0(AbstractBeanFactory.java:336) ~[spring-beans-6.2.1.jar!/:6.2.1]
springboot-app  | 	at org.springframework.beans.factory.support.DefaultSingletonBeanRegistry.getSingleton(DefaultSingletonBeanRegistry.java:289) ~[spring-beans-6.2.1.jar!/:6.2.1]
springboot-app  | 	at org.springframework.beans.factory.support.AbstractBeanFactory.doGetBean(AbstractBeanFactory.java:334) ~[spring-beans-6.2.1.jar!/:6.2.1]
springboot-app  | 	at org.springframework.beans.factory.support.AbstractBeanFactory.getBean(AbstractBeanFactory.java:199) ~[spring-beans-6.2.1.jar!/:6.2.1]
springboot-app  | 	at org.springframework.beans.factory.support.DefaultListableBeanFactory.instantiateSingleton(DefaultListableBeanFactory.java:1122) ~[spring-beans-6.2.1.jar!/:6.2.1]
springboot-app  | 	at org.springframework.beans.factory.support.DefaultListableBeanFactory.preInstantiateSingleton(DefaultListableBeanFactory.java:1093) ~[spring-beans-6.2.1.jar!/:6.2.1]
springboot-app  | 	at org.springframework.beans.factory.support.DefaultListableBeanFactory.preInstantiateSingletons(DefaultListableBeanFactory.java:1030) ~[spring-beans-6.2.1.jar!/:6.2.1]
springboot-app  | 	at org.springframework.context.support.AbstractApplicationContext.finishBeanFactoryInitialization(AbstractApplicationContext.java:987) ~[spring-context-6.2.1.jar!/:6.2.1]
springboot-app  | 	at org.springframework.context.support.AbstractApplicationContext.refresh(AbstractApplicationContext.java:627) ~[spring-context-6.2.1.jar!/:6.2.1]
springboot-app  | 	at org.springframework.boot.web.servlet.context.ServletWebServerApplicationContext.refresh(ServletWebServerApplicationContext.java:146) ~[spring-boot-3.4.1.jar!/:3.4.1]
springboot-app  | 	at org.springframework.boot.SpringApplication.refresh(SpringApplication.java:752) ~[spring-boot-3.4.1.jar!/:3.4.1]
springboot-app  | 	at org.springframework.boot.SpringApplication.refreshContext(SpringApplication.java:439) ~[spring-boot-3.4.1.jar!/:3.4.1]
springboot-app  | 	at org.springframework.boot.SpringApplication.run(SpringApplication.java:318) ~[spring-boot-3.4.1.jar!/:3.4.1]
springboot-app  | 	at org.springframework.boot.SpringApplication.run(SpringApplication.java:1361) ~[spring-boot-3.4.1.jar!/:3.4.1]
springboot-app  | 	at org.springframework.boot.SpringApplication.run(SpringApplication.java:1350) ~[spring-boot-3.4.1.jar!/:3.4.1]
springboot-app  | 	at com.wms.wmdrfid.WmdRfidApplication.main(WmdRfidApplication.java:13) ~[!/:0.0.1-SNAPSHOT]
springboot-app  | 	at java.base/jdk.internal.reflect.NativeMethodAccessorImpl.invoke0(Native Method) ~[na:na]
springboot-app  | 	at java.base/jdk.internal.reflect.NativeMethodAccessorImpl.invoke(NativeMethodAccessorImpl.java:77) ~[na:na]
springboot-app  | 	at java.base/jdk.internal.reflect.DelegatingMethodAccessorImpl.invoke(DelegatingMethodAccessorImpl.java:43) ~[na:na]
springboot-app  | 	at java.base/java.lang.reflect.Method.invoke(Method.java:568) ~[na:na]
springboot-app  | 	at org.springframework.boot.loader.launch.Launcher.launch(Launcher.java:102) ~[app.jar:0.0.1-SNAPSHOT]
springboot-app  | 	at org.springframework.boot.loader.launch.Launcher.launch(Launcher.java:64) ~[app.jar:0.0.1-SNAPSHOT]
springboot-app  | 	at org.springframework.boot.loader.launch.JarLauncher.main(JarLauncher.java:40) ~[app.jar:0.0.1-SNAPSHOT]
springboot-app  | Caused by: java.lang.IllegalStateException: Failed to introspect Class [com.wms.wmdrfid.Conf.Config.AlarmDataParse] from ClassLoader [org.springframework.boot.loader.launch.LaunchedClassLoader@1f32e575]
springboot-app  | 	at org.springframework.util.ReflectionUtils.getDeclaredMethods(ReflectionUtils.java:483) ~[spring-core-6.2.1.jar!/:6.2.1]
springboot-app  | 	at org.springframework.util.ReflectionUtils.doWithLocalMethods(ReflectionUtils.java:320) ~[spring-core-6.2.1.jar!/:6.2.1]
springboot-app  | 	at org.springframework.beans.factory.annotation.AutowiredAnnotationBeanPostProcessor.checkLookupMethods(AutowiredAnnotationBeanPostProcessor.java:476) ~[spring-beans-6.2.1.jar!/:6.2.1]
springboot-app  | 	... 28 common frames omitted
springboot-app  | Caused by: java.lang.NoClassDefFoundError: com/sun/jna/Structure
springboot-app  | 	at java.base/java.lang.ClassLoader.defineClass1(Native Method) ~[na:na]
springboot-app  | 	at java.base/java.lang.ClassLoader.defineClass(ClassLoader.java:1012) ~[na:na]
springboot-app  | 	at java.base/java.security.SecureClassLoader.defineClass(SecureClassLoader.java:150) ~[na:na]
springboot-app  | 	at java.base/java.net.URLClassLoader.defineClass(URLClassLoader.java:524) ~[na:na]
springboot-app  | 	at java.base/java.net.URLClassLoader$1.run(URLClassLoader.java:427) ~[na:na]
springboot-app  | 	at java.base/java.net.URLClassLoader$1.run(URLClassLoader.java:421) ~[na:na]
springboot-app  | 	at java.base/java.security.AccessController.doPrivileged(AccessController.java:712) ~[na:na]
springboot-app  | 	at java.base/java.net.URLClassLoader.findClass(URLClassLoader.java:420) ~[na:na]
springboot-app  | 	at java.base/java.lang.ClassLoader.loadClass(ClassLoader.java:587) ~[na:na]
springboot-app  | 	at org.springframework.boot.loader.net.protocol.jar.JarUrlClassLoader.loadClass(JarUrlClassLoader.java:107) ~[app.jar:0.0.1-SNAPSHOT]
springboot-app  | 	at org.springframework.boot.loader.launch.LaunchedClassLoader.loadClass(LaunchedClassLoader.java:91) ~[app.jar:0.0.1-SNAPSHOT]
springboot-app  | 	at java.base/java.lang.ClassLoader.loadClass(ClassLoader.java:520) ~[na:na]
springboot-app  | 	at java.base/java.lang.Class.getDeclaredMethods0(Native Method) ~[na:na]
springboot-app  | 	at java.base/java.lang.Class.privateGetDeclaredMethods(Class.java:3402) ~[na:na]
springboot-app  | 	at java.base/java.lang.Class.getDeclaredMethods(Class.java:2504) ~[na:na]
springboot-app  | 	at org.springframework.util.ReflectionUtils.getDeclaredMethods(ReflectionUtils.java:465) ~[spring-core-6.2.1.jar!/:6.2.1]
springboot-app  | 	... 30 common frames omitted
springboot-app  | Caused by: java.lang.ClassNotFoundException: com.sun.jna.Structure
springboot-app  | 	at java.base/java.net.URLClassLoader.findClass(URLClassLoader.java:445) ~[na:na]
springboot-app  | 	at java.base/java.lang.ClassLoader.loadClass(ClassLoader.java:587) ~[na:na]
springboot-app  | 	at org.springframework.boot.loader.net.protocol.jar.JarUrlClassLoader.loadClass(JarUrlClassLoader.java:107) ~[app.jar:0.0.1-SNAPSHOT]
springboot-app  | 	at org.springframework.boot.loader.launch.LaunchedClassLoader.loadClass(LaunchedClassLoader.java:91) ~[app.jar:0.0.1-SNAPSHOT]
springboot-app  | 	at java.base/java.lang.ClassLoader.loadClass(ClassLoader.java:520) ~[na:na]
springboot-app  | 	... 46 common frames omitted
springboot-app  | 
springboot-app  | 
springboot-app  |   .   ____          _            __ _ _
springboot-app  |  /\\ / ___'_ __ _ _(_)_ __  __ _ \ \ \ \
springboot-app  | ( ( )\___ | '_ | '_| | '_ \/ _` | \ \ \ \
springboot-app  |  \\/  ___)| |_)| | | | | || (_| |  ) ) ) )
springboot-app  |   '  |____| .__|_| |_|_| |_\__, | / / / /
springboot-app  |  =========|_|==============|___/=/_/_/_/
springboot-app  | 
springboot-app  |  :: Spring Boot ::                (v3.4.1)
springboot-app  | 
springboot-app  | 2025-11-10T09:45:39.366+08:00  INFO 7 --- [           main] com.wms.wmdrfid.WmdRfidApplication       : Starting WmdRfidApplication v0.0.1-SNAPSHOT using Java 17.0.2 with PID 7 (/app/app.jar started by root in /app)
springboot-app  | 2025-11-10T09:45:39.371+08:00  INFO 7 --- [           main] com.wms.wmdrfid.WmdRfidApplication       : No active profile set, falling back to 1 default profile: "default"
springboot-app  | 2025-11-10T09:45:40.833+08:00  INFO 7 --- [           main] .s.d.r.c.RepositoryConfigurationDelegate : Multiple Spring Data modules found, entering strict repository configuration mode
springboot-app  | 2025-11-10T09:45:40.836+08:00  INFO 7 --- [           main] .s.d.r.c.RepositoryConfigurationDelegate : Bootstrapping Spring Data Redis repositories in DEFAULT mode.
springboot-app  | 2025-11-10T09:45:41.066+08:00  INFO 7 --- [           main] .s.d.r.c.RepositoryConfigurationDelegate : Finished Spring Data repository scanning in 208 ms. Found 0 Redis repository interfaces.
springboot-app  | 2025-11-10T09:45:41.241+08:00  INFO 7 --- [           main] faultConfiguringBeanFactoryPostProcessor : No bean named 'errorChannel' has been explicitly defined. Therefore, a default PublishSubscribeChannel will be created.
springboot-app  | 2025-11-10T09:45:41.257+08:00  INFO 7 --- [           main] faultConfiguringBeanFactoryPostProcessor : No bean named 'integrationHeaderChannelRegistry' has been explicitly defined. Therefore, a default DefaultHeaderChannelRegistry will be created.
springboot-app  | 2025-11-10T09:45:41.963+08:00  INFO 7 --- [           main] o.s.b.w.embedded.tomcat.TomcatWebServer  : Tomcat initialized with port 8080 (http)
springboot-app  | 2025-11-10T09:45:41.979+08:00  INFO 7 --- [           main] o.apache.catalina.core.StandardService   : Starting service [Tomcat]
springboot-app  | 2025-11-10T09:45:41.979+08:00  INFO 7 --- [           main] o.apache.catalina.core.StandardEngine    : Starting Servlet engine: [Apache Tomcat/10.1.34]
springboot-app  | 2025-11-10T09:45:42.016+08:00  INFO 7 --- [           main] o.a.c.c.C.[Tomcat].[localhost].[/]       : Initializing Spring embedded WebApplicationContext
springboot-app  | 2025-11-10T09:45:42.018+08:00  INFO 7 --- [           main] w.s.c.ServletWebServerApplicationContext : Root WebApplicationContext: initialization completed in 2513 ms
springboot-app  | 2025-11-10T09:45:42.088+08:00  WARN 7 --- [           main] ConfigServletWebServerApplicationContext : Exception encountered during context initialization - cancelling refresh attempt: org.springframework.beans.factory.BeanCreationException: Error creating bean with name 'alarmDataParse': Lookup method resolution failed
springboot-app  | 2025-11-10T09:45:42.093+08:00  INFO 7 --- [           main] o.apache.catalina.core.StandardService   : Stopping service [Tomcat]
springboot-app  | 2025-11-10T09:45:42.204+08:00  INFO 7 --- [           main] .s.b.a.l.ConditionEvaluationReportLogger : 
springboot-app  | 
springboot-app  | Error starting ApplicationContext. To display the condition evaluation report re-run your application with 'debug' enabled.
springboot-app  | 2025-11-10T09:45:42.228+08:00 ERROR 7 --- [           main] o.s.boot.SpringApplication               : Application run failed
springboot-app  | 
springboot-app  | org.springframework.beans.factory.BeanCreationException: Error creating bean with name 'alarmDataParse': Lookup method resolution failed
springboot-app  | 	at org.springframework.beans.factory.annotation.AutowiredAnnotationBeanPostProcessor.checkLookupMethods(AutowiredAnnotationBeanPostProcessor.java:498) ~[spring-beans-6.2.1.jar!/:6.2.1]
springboot-app  | 	at org.springframework.beans.factory.annotation.AutowiredAnnotationBeanPostProcessor.determineCandidateConstructors(AutowiredAnnotationBeanPostProcessor.java:368) ~[spring-beans-6.2.1.jar!/:6.2.1]
springboot-app  | 	at org.springframework.beans.factory.support.AbstractAutowireCapableBeanFactory.determineConstructorsFromBeanPostProcessors(AbstractAutowireCapableBeanFactory.java:1316) ~[spring-beans-6.2.1.jar!/:6.2.1]
springboot-app  | 	at org.springframework.beans.factory.support.AbstractAutowireCapableBeanFactory.createBeanInstance(AbstractAutowireCapableBeanFactory.java:1211) ~[spring-beans-6.2.1.jar!/:6.2.1]
springboot-app  | 	at org.springframework.beans.factory.support.AbstractAutowireCapableBeanFactory.doCreateBean(AbstractAutowireCapableBeanFactory.java:563) ~[spring-beans-6.2.1.jar!/:6.2.1]
springboot-app  | 	at org.springframework.beans.factory.support.AbstractAutowireCapableBeanFactory.createBean(AbstractAutowireCapableBeanFactory.java:523) ~[spring-beans-6.2.1.jar!/:6.2.1]
springboot-app  | 	at org.springframework.beans.factory.support.AbstractBeanFactory.lambda$doGetBean$0(AbstractBeanFactory.java:336) ~[spring-beans-6.2.1.jar!/:6.2.1]
springboot-app  | 	at org.springframework.beans.factory.support.DefaultSingletonBeanRegistry.getSingleton(DefaultSingletonBeanRegistry.java:289) ~[spring-beans-6.2.1.jar!/:6.2.1]
springboot-app  | 	at org.springframework.beans.factory.support.AbstractBeanFactory.doGetBean(AbstractBeanFactory.java:334) ~[spring-beans-6.2.1.jar!/:6.2.1]
springboot-app  | 	at org.springframework.beans.factory.support.AbstractBeanFactory.getBean(AbstractBeanFactory.java:199) ~[spring-beans-6.2.1.jar!/:6.2.1]
springboot-app  | 	at org.springframework.beans.factory.support.DefaultListableBeanFactory.instantiateSingleton(DefaultListableBeanFactory.java:1122) ~[spring-beans-6.2.1.jar!/:6.2.1]
springboot-app  | 	at org.springframework.beans.factory.support.DefaultListableBeanFactory.preInstantiateSingleton(DefaultListableBeanFactory.java:1093) ~[spring-beans-6.2.1.jar!/:6.2.1]
springboot-app  | 	at org.springframework.beans.factory.support.DefaultListableBeanFactory.preInstantiateSingletons(DefaultListableBeanFactory.java:1030) ~[spring-beans-6.2.1.jar!/:6.2.1]
springboot-app  | 	at org.springframework.context.support.AbstractApplicationContext.finishBeanFactoryInitialization(AbstractApplicationContext.java:987) ~[spring-context-6.2.1.jar!/:6.2.1]
springboot-app  | 	at org.springframework.context.support.AbstractApplicationContext.refresh(AbstractApplicationContext.java:627) ~[spring-context-6.2.1.jar!/:6.2.1]
springboot-app  | 	at org.springframework.boot.web.servlet.context.ServletWebServerApplicationContext.refresh(ServletWebServerApplicationContext.java:146) ~[spring-boot-3.4.1.jar!/:3.4.1]
springboot-app  | 	at org.springframework.boot.SpringApplication.refresh(SpringApplication.java:752) ~[spring-boot-3.4.1.jar!/:3.4.1]
springboot-app  | 	at org.springframework.boot.SpringApplication.refreshContext(SpringApplication.java:439) ~[spring-boot-3.4.1.jar!/:3.4.1]
springboot-app  | 	at org.springframework.boot.SpringApplication.run(SpringApplication.java:318) ~[spring-boot-3.4.1.jar!/:3.4.1]
springboot-app  | 	at org.springframework.boot.SpringApplication.run(SpringApplication.java:1361) ~[spring-boot-3.4.1.jar!/:3.4.1]
springboot-app  | 	at org.springframework.boot.SpringApplication.run(SpringApplication.java:1350) ~[spring-boot-3.4.1.jar!/:3.4.1]
springboot-app  | 	at com.wms.wmdrfid.WmdRfidApplication.main(WmdRfidApplication.java:13) ~[!/:0.0.1-SNAPSHOT]
springboot-app  | 	at java.base/jdk.internal.reflect.NativeMethodAccessorImpl.invoke0(Native Method) ~[na:na]
springboot-app  | 	at java.base/jdk.internal.reflect.NativeMethodAccessorImpl.invoke(NativeMethodAccessorImpl.java:77) ~[na:na]
springboot-app  | 	at java.base/jdk.internal.reflect.DelegatingMethodAccessorImpl.invoke(DelegatingMethodAccessorImpl.java:43) ~[na:na]
springboot-app  | 	at java.base/java.lang.reflect.Method.invoke(Method.java:568) ~[na:na]
springboot-app  | 	at org.springframework.boot.loader.launch.Launcher.launch(Launcher.java:102) ~[app.jar:0.0.1-SNAPSHOT]
springboot-app  | 	at org.springframework.boot.loader.launch.Launcher.launch(Launcher.java:64) ~[app.jar:0.0.1-SNAPSHOT]
springboot-app  | 	at org.springframework.boot.loader.launch.JarLauncher.main(JarLauncher.java:40) ~[app.jar:0.0.1-SNAPSHOT]
springboot-app  | Caused by: java.lang.IllegalStateException: Failed to introspect Class [com.wms.wmdrfid.Conf.Config.AlarmDataParse] from ClassLoader [org.springframework.boot.loader.launch.LaunchedClassLoader@1f32e575]
springboot-app  | 	at org.springframework.util.ReflectionUtils.getDeclaredMethods(ReflectionUtils.java:483) ~[spring-core-6.2.1.jar!/:6.2.1]
springboot-app  | 	at org.springframework.util.ReflectionUtils.doWithLocalMethods(ReflectionUtils.java:320) ~[spring-core-6.2.1.jar!/:6.2.1]
springboot-app  | 	at org.springframework.beans.factory.annotation.AutowiredAnnotationBeanPostProcessor.checkLookupMethods(AutowiredAnnotationBeanPostProcessor.java:476) ~[spring-beans-6.2.1.jar!/:6.2.1]
springboot-app  | 	... 28 common frames omitted
springboot-app  | Caused by: java.lang.NoClassDefFoundError: com/sun/jna/Structure
springboot-app  | 	at java.base/java.lang.ClassLoader.defineClass1(Native Method) ~[na:na]
springboot-app  | 	at java.base/java.lang.ClassLoader.defineClass(ClassLoader.java:1012) ~[na:na]
springboot-app  | 	at java.base/java.security.SecureClassLoader.defineClass(SecureClassLoader.java:150) ~[na:na]
springboot-app  | 	at java.base/java.net.URLClassLoader.defineClass(URLClassLoader.java:524) ~[na:na]
springboot-app  | 	at java.base/java.net.URLClassLoader$1.run(URLClassLoader.java:427) ~[na:na]
springboot-app  | 	at java.base/java.net.URLClassLoader$1.run(URLClassLoader.java:421) ~[na:na]
springboot-app  | 	at java.base/java.security.AccessController.doPrivileged(AccessController.java:712) ~[na:na]
springboot-app  | 	at java.base/java.net.URLClassLoader.findClass(URLClassLoader.java:420) ~[na:na]
springboot-app  | 	at java.base/java.lang.ClassLoader.loadClass(ClassLoader.java:587) ~[na:na]
springboot-app  | 	at org.springframework.boot.loader.net.protocol.jar.JarUrlClassLoader.loadClass(JarUrlClassLoader.java:107) ~[app.jar:0.0.1-SNAPSHOT]
springboot-app  | 	at org.springframework.boot.loader.launch.LaunchedClassLoader.loadClass(LaunchedClassLoader.java:91) ~[app.jar:0.0.1-SNAPSHOT]
springboot-app  | 	at java.base/java.lang.ClassLoader.loadClass(ClassLoader.java:520) ~[na:na]
springboot-app  | 	at java.base/java.lang.Class.getDeclaredMethods0(Native Method) ~[na:na]
springboot-app  | 	at java.base/java.lang.Class.privateGetDeclaredMethods(Class.java:3402) ~[na:na]
springboot-app  | 	at java.base/java.lang.Class.getDeclaredMethods(Class.java:2504) ~[na:na]
springboot-app  | 	at org.springframework.util.ReflectionUtils.getDeclaredMethods(ReflectionUtils.java:465) ~[spring-core-6.2.1.jar!/:6.2.1]
springboot-app  | 	... 30 common frames omitted
springboot-app  | Caused by: java.lang.ClassNotFoundException: com.sun.jna.Structure
springboot-app  | 	at java.base/java.net.URLClassLoader.findClass(URLClassLoader.java:445) ~[na:na]
springboot-app  | 	at java.base/java.lang.ClassLoader.loadClass(ClassLoader.java:587) ~[na:na]
springboot-app  | 	at org.springframework.boot.loader.net.protocol.jar.JarUrlClassLoader.loadClass(JarUrlClassLoader.java:107) ~[app.jar:0.0.1-SNAPSHOT]
springboot-app  | 	at org.springframework.boot.loader.launch.LaunchedClassLoader.loadClass(LaunchedClassLoader.java:91) ~[app.jar:0.0.1-SNAPSHOT]
springboot-app  | 	at java.base/java.lang.ClassLoader.loadClass(ClassLoader.java:520) ~[na:na]
springboot-app  | 	... 46 common frames omitted
springboot-app  | 
